0 verbose cli /opt/conda/bin/node /opt/conda/bin/npm
1 info using npm@10.1.0
2 info using node@v20.8.1
3 timing npm:load:whichnode Completed in 6ms
4 timing config:load:defaults Completed in 2ms
5 timing config:load:file:/opt/conda/lib/node_modules/npm/npmrc Completed in 8ms
6 timing config:load:builtin Completed in 8ms
7 timing config:load:cli Completed in 3ms
8 timing config:load:env Completed in 0ms
9 timing config:load:file:/tmp/.npmrc Completed in 0ms
10 timing config:load:project Completed in 1ms
11 timing config:load:file:/home/jovyan/.npmrc Completed in 0ms
12 timing config:load:user Completed in 1ms
13 timing config:load:file:/opt/conda/etc/npmrc Completed in 0ms
14 timing config:load:global Completed in 0ms
15 timing config:load:setEnvs Completed in 1ms
16 timing config:load Completed in 16ms
17 timing npm:load:configload Completed in 16ms
18 timing config:load:flatten Completed in 3ms
19 timing npm:load:mkdirpcache Completed in 0ms
20 timing npm:load:mkdirplogs Completed in 1ms
21 verbose title npm cache clean
22 verbose argv "cache" "clean" "--force"
23 timing npm:load:setTitle Completed in 0ms
24 timing npm:load:display Completed in 1ms
25 verbose logfile logs-max:10 dir:/home/jovyan/.npm/_logs/2023-10-20T01_48_35_160Z-
26 verbose logfile /home/jovyan/.npm/_logs/2023-10-20T01_48_35_160Z-debug-0.log
27 timing npm:load:logFile Completed in 9ms
28 timing npm:load:timers Completed in 0ms
29 timing npm:load:configScope Completed in 0ms
30 warn using --force Recommended protections disabled.
31 timing npm:load Completed in 58ms
32 timing command:cache Completed in 49ms
33 verbose exit 0
34 timing npm Completed in 252ms
35 info ok
